Started GET "/" for ::1 at 2023-01-07 19:59:28 +0700
  [1m[35m (1.9ms)[0m  [1m[34mSELECT sqlite_version(*)[0m
Processing by Rails::WelcomeController#index as HTML
  Rendering /Users/quipperindonesia/.rvm/gems/ruby-3.0.0/gems/railties-6.1.7/lib/rails/templates/rails/welcome/index.html.erb
  Rendered /Users/quipperindonesia/.rvm/gems/ruby-3.0.0/gems/railties-6.1.7/lib/rails/templates/rails/welcome/index.html.erb (Duration: 21.2ms | Allocations: 1582)
Completed 200 OK in 43ms (Views: 27.4ms | ActiveRecord: 0.0ms | Allocations: 8272)


Started GET "/" for ::1 at 2023-01-08 13:47:16 +0700
  
ArgumentError (Missing :controller key on routes definition, please check your routes.):
  
config/routes.rb:2:in `block in <main>'
config/routes.rb:1:in `<main>'
Started GET "/" for ::1 at 2023-01-08 13:48:16 +0700
  [1m[35m (0.9ms)[0m  [1m[34mSELECT sqlite_version(*)[0m
Processing by WelcomeController#index as HTML
  Rendering layout layouts/application.html.erb
  Rendering welcome/index.html.erb within layouts/application
  Rendered welcome/index.html.erb within layouts/application (Duration: 1.4ms | Allocations: 298)
[Webpacker] Compiling...
[Webpacker] Compiled all packs in /Users/quipperindonesia/Documents/Udemy/ruby-on-rails-course/Section 09 Stock Tracker/my_app/public/packs
[Webpacker] warning ../../../../../package.json: No license field

[Webpacker] Hash: 804a8059a304061a3e74
Version: webpack 4.46.0
Time: 1428ms
Built at: 01/08/2023 1:48:20 PM
                                     Asset       Size       Chunks                         Chunk Names
    js/application-271cf8931bb708d2d8bb.js    121 KiB  application  [emitted] [immutable]  application
js/application-271cf8931bb708d2d8bb.js.map    133 KiB  application  [emitted] [dev]        application
                             manifest.json  364 bytes               [emitted]              
Entrypoint application = js/application-271cf8931bb708d2d8bb.js js/application-271cf8931bb708d2d8bb.js.map
[./app/javascript/channels sync recursive _channel\.js$] ./app/javascript/channels sync _channel\.js$ 160 bytes {application} [built]
[./app/javascript/channels/index.js] 211 bytes {application} [built]
[./app/javascript/packs/application.js] 493 bytes {application} [built]
    + 3 hidden modules

  Rendered layout layouts/application.html.erb (Duration: 4127.3ms | Allocations: 17334)
Completed 200 OK in 4146ms (Views: 4131.5ms | ActiveRecord: 0.0ms | Allocations: 23105)


  [1m[35m (1.3ms)[0m  [1m[34mSELECT sqlite_version(*)[0m
  [1m[35m (1.6ms)[0m  [1m[35mCREATE TABLE "schema_migrations" ("version" varchar NOT NULL PRIMARY KEY)[0m
  [1m[35m (1.3ms)[0m  [1m[35mCREATE TABLE "ar_internal_metadata" ("key" varchar NOT NULL PRIMARY KEY, "value" varchar, "created_at" datetime(6) NOT NULL, "updated_at" datetime(6) NOT NULL)[0m
  [1m[35m (0.2ms)[0m  [1m[34mSELECT "schema_migrations"."version" FROM "schema_migrations" ORDER BY "schema_migrations"."version" ASC[0m
Migrating to DeviseCreateUsers (20230108072134)
  [1m[36mTRANSACTION (0.1ms)[0m  [1m[36mbegin transaction[0m
  [1m[35m (0.5ms)[0m  [1m[35mCREATE TABLE "users" ("id" integer PRIMARY KEY AUTOINCREMENT NOT NULL, "email" varchar DEFAULT '' NOT NULL, "encrypted_password" varchar DEFAULT '' NOT NULL, "reset_password_token" varchar, "reset_password_sent_at" datetime, "remember_created_at" datetime, "created_at" datetime(6) NOT NULL, "updated_at" datetime(6) NOT NULL)[0m
  [1m[35m (0.1ms)[0m  [1m[35mCREATE UNIQUE INDEX "index_users_on_email" ON "users" ("email")[0m
  [1m[35m (0.1ms)[0m  [1m[35mCREATE UNIQUE INDEX "index_users_on_reset_password_token" ON "users" ("reset_password_token")[0m
  [1m[36mActiveRecord::SchemaMigration Create (0.2ms)[0m  [1m[32mINSERT INTO "schema_migrations" ("version") VALUES (?)[0m  [["version", "20230108072134"]]
  [1m[36mTRANSACTION (1.0ms)[0m  [1m[36mcommit transaction[0m
  [1m[36mActiveRecord::InternalMetadata Load (0.1ms)[0m  [1m[34mSELECT "ar_internal_metadata".* FROM "ar_internal_metadata" WHERE "ar_internal_metadata"."key" = ? LIMIT ?[0m  [["key", "environment"], ["LIMIT", 1]]
  [1m[36mTRANSACTION (0.1ms)[0m  [1m[36mbegin transaction[0m
  [1m[36mActiveRecord::InternalMetadata Create (0.4ms)[0m  [1m[32mINSERT INTO "ar_internal_metadata" ("key", "value", "created_at", "updated_at") VALUES (?, ?, ?, ?)[0m  [["key", "environment"], ["value", "development"], ["created_at", "2023-01-08 07:22:59.173209"], ["updated_at", "2023-01-08 07:22:59.173209"]]
  [1m[36mTRANSACTION (0.9ms)[0m  [1m[36mcommit transaction[0m
  [1m[35m (0.1ms)[0m  [1m[34mSELECT sqlite_version(*)[0m
  [1m[35m (0.1ms)[0m  [1m[34mSELECT "schema_migrations"."version" FROM "schema_migrations" ORDER BY "schema_migrations"."version" ASC[0m
  [1m[35m (0.5ms)[0m  [1m[34mSELECT sqlite_version(*)[0m
  [1m[36mUser Load (0.1ms)[0m  [1m[34mSELECT "users".* FROM "users" /* loading for inspect */ LIMIT ?[0m  [["LIMIT", 11]]
Started GET "/" for ::1 at 2023-01-08 14:23:45 +0700
  [1m[35m (0.5ms)[0m  [1m[34mSELECT sqlite_version(*)[0m
  [1m[35m (0.3ms)[0m  [1m[34mSELECT "schema_migrations"."version" FROM "schema_migrations" ORDER BY "schema_migrations"."version" ASC[0m
Processing by WelcomeController#index as HTML
  Rendering layout layouts/application.html.erb
  Rendering welcome/index.html.erb within layouts/application
  Rendered welcome/index.html.erb within layouts/application (Duration: 1.4ms | Allocations: 298)
[Webpacker] Everything's up-to-date. Nothing to do
  Rendered layout layouts/application.html.erb (Duration: 18.5ms | Allocations: 7053)
Completed 200 OK in 31ms (Views: 22.2ms | ActiveRecord: 0.0ms | Allocations: 10324)


Started GET "/" for ::1 at 2023-01-08 14:23:47 +0700
Processing by WelcomeController#index as HTML
  Rendering layout layouts/application.html.erb
  Rendering welcome/index.html.erb within layouts/application
  Rendered welcome/index.html.erb within layouts/application (Duration: 0.1ms | Allocations: 40)
[Webpacker] Everything's up-to-date. Nothing to do
  Rendered layout layouts/application.html.erb (Duration: 24.9ms | Allocations: 4023)
Completed 200 OK in 26ms (Views: 25.4ms | ActiveRecord: 0.0ms | Allocations: 4474)


Started GET "/" for ::1 at 2023-01-08 14:24:23 +0700
Processing by WelcomeController#index as HTML
Completed 401 Unauthorized in 7ms (Allocations: 1452)


Started GET "/users/sign_in" for ::1 at 2023-01-08 14:24:23 +0700
Processing by Devise::SessionsController#new as HTML
  [1m[35m (0.1ms)[0m  [1m[34mSELECT sqlite_version(*)[0m
  Rendering layout layouts/application.html.erb
  Rendering /Users/quipperindonesia/.rvm/gems/ruby-3.0.0/gems/devise-4.8.1/app/views/devise/sessions/new.html.erb within layouts/application
  Rendered /Users/quipperindonesia/.rvm/gems/ruby-3.0.0/gems/devise-4.8.1/app/views/devise/shared/_links.html.erb (Duration: 1.3ms | Allocations: 652)
  Rendered /Users/quipperindonesia/.rvm/gems/ruby-3.0.0/gems/devise-4.8.1/app/views/devise/sessions/new.html.erb within layouts/application (Duration: 14.4ms | Allocations: 4036)
[Webpacker] Everything's up-to-date. Nothing to do
  Rendered layout layouts/application.html.erb (Duration: 20.7ms | Allocations: 8056)
Completed 200 OK in 37ms (Views: 23.7ms | ActiveRecord: 1.1ms | Allocations: 15950)


Started GET "/users/sign_in" for ::1 at 2023-01-08 14:24:29 +0700
Processing by Devise::SessionsController#new as HTML
  Rendering layout layouts/application.html.erb
  Rendering /Users/quipperindonesia/.rvm/gems/ruby-3.0.0/gems/devise-4.8.1/app/views/devise/sessions/new.html.erb within layouts/application
  Rendered /Users/quipperindonesia/.rvm/gems/ruby-3.0.0/gems/devise-4.8.1/app/views/devise/shared/_links.html.erb (Duration: 0.3ms | Allocations: 174)
  Rendered /Users/quipperindonesia/.rvm/gems/ruby-3.0.0/gems/devise-4.8.1/app/views/devise/sessions/new.html.erb within layouts/application (Duration: 2.4ms | Allocations: 1328)
[Webpacker] Everything's up-to-date. Nothing to do
  Rendered layout layouts/application.html.erb (Duration: 9.2ms | Allocations: 5332)
Completed 200 OK in 11ms (Views: 9.9ms | ActiveRecord: 0.0ms | Allocations: 6029)


Started GET "/users/sign_in" for ::1 at 2023-01-08 14:25:07 +0700
Processing by Devise::SessionsController#new as HTML
  Rendering layout layouts/application.html.erb
  Rendering /Users/quipperindonesia/.rvm/gems/ruby-3.0.0/gems/devise-4.8.1/app/views/devise/sessions/new.html.erb within layouts/application
  Rendered /Users/quipperindonesia/.rvm/gems/ruby-3.0.0/gems/devise-4.8.1/app/views/devise/shared/_links.html.erb (Duration: 1.4ms | Allocations: 555)
  Rendered /Users/quipperindonesia/.rvm/gems/ruby-3.0.0/gems/devise-4.8.1/app/views/devise/sessions/new.html.erb within layouts/application (Duration: 4.7ms | Allocations: 2260)
[Webpacker] Everything's up-to-date. Nothing to do
  Rendered layout layouts/application.html.erb (Duration: 15.0ms | Allocations: 6551)
Completed 200 OK in 20ms (Views: 19.6ms | ActiveRecord: 0.0ms | Allocations: 8585)


Started GET "/users/sign_up" for ::1 at 2023-01-08 14:25:40 +0700
Processing by Devise::RegistrationsController#new as HTML
  Rendering layout layouts/application.html.erb
  Rendering /Users/quipperindonesia/.rvm/gems/ruby-3.0.0/gems/devise-4.8.1/app/views/devise/registrations/new.html.erb within layouts/application
  Rendered /Users/quipperindonesia/.rvm/gems/ruby-3.0.0/gems/devise-4.8.1/app/views/devise/shared/_error_messages.html.erb (Duration: 1.5ms | Allocations: 223)
  Rendered /Users/quipperindonesia/.rvm/gems/ruby-3.0.0/gems/devise-4.8.1/app/views/devise/shared/_links.html.erb (Duration: 0.4ms | Allocations: 163)
  Rendered /Users/quipperindonesia/.rvm/gems/ruby-3.0.0/gems/devise-4.8.1/app/views/devise/registrations/new.html.erb within layouts/application (Duration: 7.4ms | Allocations: 2222)
[Webpacker] Everything's up-to-date. Nothing to do
  Rendered layout layouts/application.html.erb (Duration: 15.1ms | Allocations: 6267)
Completed 200 OK in 19ms (Views: 18.5ms | ActiveRecord: 0.0ms | Allocations: 7705)


Started GET "/users/sign_in" for ::1 at 2023-01-08 14:26:55 +0700
Processing by Devise::SessionsController#new as HTML
  Rendering layout layouts/application.html.erb
  Rendering /Users/quipperindonesia/.rvm/gems/ruby-3.0.0/gems/devise-4.8.1/app/views/devise/sessions/new.html.erb within layouts/application
  Rendered /Users/quipperindonesia/.rvm/gems/ruby-3.0.0/gems/devise-4.8.1/app/views/devise/shared/_links.html.erb (Duration: 1.5ms | Allocations: 555)
  Rendered /Users/quipperindonesia/.rvm/gems/ruby-3.0.0/gems/devise-4.8.1/app/views/devise/sessions/new.html.erb within layouts/application (Duration: 6.1ms | Allocations: 2261)
[Webpacker] Everything's up-to-date. Nothing to do
  Rendered layout layouts/application.html.erb (Duration: 17.5ms | Allocations: 6541)
Completed 200 OK in 24ms (Views: 22.6ms | ActiveRecord: 0.0ms | Allocations: 8578)


Started GET "/users/sign_up" for ::1 at 2023-01-08 14:26:58 +0700
Processing by Devise::RegistrationsController#new as HTML
  Rendering layout layouts/application.html.erb
  Rendering /Users/quipperindonesia/.rvm/gems/ruby-3.0.0/gems/devise-4.8.1/app/views/devise/registrations/new.html.erb within layouts/application
  Rendered /Users/quipperindonesia/.rvm/gems/ruby-3.0.0/gems/devise-4.8.1/app/views/devise/shared/_error_messages.html.erb (Duration: 0.8ms | Allocations: 214)
  Rendered /Users/quipperindonesia/.rvm/gems/ruby-3.0.0/gems/devise-4.8.1/app/views/devise/shared/_links.html.erb (Duration: 0.2ms | Allocations: 125)
  Rendered /Users/quipperindonesia/.rvm/gems/ruby-3.0.0/gems/devise-4.8.1/app/views/devise/registrations/new.html.erb within layouts/application (Duration: 5.0ms | Allocations: 2098)
[Webpacker] Everything's up-to-date. Nothing to do
  Rendered layout layouts/application.html.erb (Duration: 13.4ms | Allocations: 6178)
Completed 200 OK in 17ms (Views: 15.7ms | ActiveRecord: 0.0ms | Allocations: 7476)


Started POST "/users" for ::1 at 2023-01-08 14:27:11 +0700
Processing by Devise::RegistrationsController#create as HTML
  Parameters: {"authenticity_token"=>"[FILTERED]", "user"=>{"email"=>"pojan@gmail.com", "password"=>"[FILTERED]", "password_confirmation"=>"[FILTERED]"}, "commit"=>"Sign up"}
  [1m[36mTRANSACTION (0.5ms)[0m  [1m[36mbegin transaction[0m
  [1m[36mUser Exists? (0.5ms)[0m  [1m[34mSELECT 1 AS one FROM "users" WHERE "users"."email" = ? LIMIT ?[0m  [["email", "pojan@gmail.com"], ["LIMIT", 1]]
  [1m[36mUser Create (0.8ms)[0m  [1m[32mINSERT INTO "users" ("email", "encrypted_password", "created_at", "updated_at") VALUES (?, ?, ?, ?)[0m  [["email", "pojan@gmail.com"], ["encrypted_password", "$2a$12$Ci/Y.ymgzwxckubENsej9OQgSNiiA3kkp1tdMRREACpH5jgcnFM1G"], ["created_at", "2023-01-08 07:27:11.453069"], ["updated_at", "2023-01-08 07:27:11.453069"]]
  [1m[36mTRANSACTION (0.5ms)[0m  [1m[36mcommit transaction[0m
Redirected to http://localhost:3000/
Completed 302 Found in 282ms (ActiveRecord: 2.4ms | Allocations: 12010)


Started GET "/" for ::1 at 2023-01-08 14:27:11 +0700
Processing by WelcomeController#index as HTML
  [1m[36mUser Load (0.3ms)[0m  [1m[34mSELECT "users".* FROM "users" WHERE "users"."id" = ? ORDER BY "users"."id" ASC LIMIT ?[0m  [["id", 1], ["LIMIT", 1]]
  Rendering layout layouts/application.html.erb
  Rendering welcome/index.html.erb within layouts/application
  Rendered welcome/index.html.erb within layouts/application (Duration: 0.8ms | Allocations: 220)
[Webpacker] Everything's up-to-date. Nothing to do
  Rendered layout layouts/application.html.erb (Duration: 10.3ms | Allocations: 4283)
Completed 200 OK in 18ms (Views: 11.9ms | ActiveRecord: 0.3ms | Allocations: 6676)


Started DELETE "/users/sign_out" for ::1 at 2023-01-08 14:27:20 +0700
Processing by Devise::SessionsController#destroy as HTML
  Parameters: {"authenticity_token"=>"[FILTERED]"}
  [1m[36mUser Load (0.4ms)[0m  [1m[34mSELECT "users".* FROM "users" WHERE "users"."id" = ? ORDER BY "users"."id" ASC LIMIT ?[0m  [["id", 1], ["LIMIT", 1]]
Redirected to http://localhost:3000/
Completed 302 Found in 9ms (ActiveRecord: 0.4ms | Allocations: 2381)


Started GET "/" for ::1 at 2023-01-08 14:27:20 +0700
Processing by WelcomeController#index as HTML
Completed 401 Unauthorized in 0ms (ActiveRecord: 0.0ms | Allocations: 244)


Started GET "/users/sign_in" for ::1 at 2023-01-08 14:27:20 +0700
Processing by Devise::SessionsController#new as HTML
  Rendering layout layouts/application.html.erb
  Rendering /Users/quipperindonesia/.rvm/gems/ruby-3.0.0/gems/devise-4.8.1/app/views/devise/sessions/new.html.erb within layouts/application
  Rendered /Users/quipperindonesia/.rvm/gems/ruby-3.0.0/gems/devise-4.8.1/app/views/devise/shared/_links.html.erb (Duration: 0.4ms | Allocations: 174)
  Rendered /Users/quipperindonesia/.rvm/gems/ruby-3.0.0/gems/devise-4.8.1/app/views/devise/sessions/new.html.erb within layouts/application (Duration: 2.9ms | Allocations: 1337)
[Webpacker] Everything's up-to-date. Nothing to do
  Rendered layout layouts/application.html.erb (Duration: 15.4ms | Allocations: 5363)
Completed 200 OK in 17ms (Views: 15.9ms | ActiveRecord: 0.0ms | Allocations: 6048)


Started POST "/users/sign_in" for ::1 at 2023-01-08 14:27:34 +0700
Processing by Devise::SessionsController#create as HTML
  Parameters: {"authenticity_token"=>"[FILTERED]", "user"=>{"email"=>"pojan@gmail.com", "password"=>"[FILTERED]", "remember_me"=>"0"}, "commit"=>"Log in"}
  [1m[36mUser Load (0.8ms)[0m  [1m[34mSELECT "users".* FROM "users" WHERE "users"."email" = ? ORDER BY "users"."id" ASC LIMIT ?[0m  [["email", "pojan@gmail.com"], ["LIMIT", 1]]
Redirected to http://localhost:3000/
Completed 302 Found in 231ms (ActiveRecord: 0.8ms | Allocations: 2978)


Started GET "/" for ::1 at 2023-01-08 14:27:34 +0700
Processing by WelcomeController#index as HTML
  [1m[36mUser Load (0.1ms)[0m  [1m[34mSELECT "users".* FROM "users" WHERE "users"."id" = ? ORDER BY "users"."id" ASC LIMIT ?[0m  [["id", 1], ["LIMIT", 1]]
  Rendering layout layouts/application.html.erb
  Rendering welcome/index.html.erb within layouts/application
  Rendered welcome/index.html.erb within layouts/application (Duration: 0.2ms | Allocations: 103)
[Webpacker] Everything's up-to-date. Nothing to do
  Rendered layout layouts/application.html.erb (Duration: 5.3ms | Allocations: 4109)
Completed 200 OK in 8ms (Views: 5.7ms | ActiveRecord: 0.1ms | Allocations: 5650)


Started GET "/" for ::1 at 2023-01-08 14:35:22 +0700
Processing by WelcomeController#index as HTML
  [1m[35m (0.2ms)[0m  [1m[34mSELECT sqlite_version(*)[0m
  [1m[36mUser Load (0.4ms)[0m  [1m[34mSELECT "users".* FROM "users" WHERE "users"."id" = ? ORDER BY "users"."id" ASC LIMIT ?[0m  [["id", 1], ["LIMIT", 1]]
  Rendering layout layouts/application.html.erb
  Rendering welcome/index.html.erb within layouts/application
  Rendered welcome/index.html.erb within layouts/application (Duration: 4.6ms | Allocations: 211)
[Webpacker] Compiling...
[Webpacker] Compiled all packs in /Users/quipperindonesia/Documents/Udemy/ruby-on-rails-course/Section 09 Stock Tracker/my_app/public/packs
[Webpacker] warning ../../../../../package.json: No license field

[Webpacker] Hash: 027c511da882449f56a1
Version: webpack 4.46.0
Time: 2167ms
Built at: 01/08/2023 2:35:27 PM
                                     Asset       Size       Chunks                         Chunk Names
    js/application-4f796242e64b55226a59.js    654 KiB  application  [emitted] [immutable]  application
js/application-4f796242e64b55226a59.js.map    759 KiB  application  [emitted] [dev]        application
                             manifest.json  364 bytes               [emitted]              
Entrypoint application = js/application-4f796242e64b55226a59.js js/application-4f796242e64b55226a59.js.map
[./app/javascript/channels sync recursive _channel\.js$] ./app/javascript/channels sync _channel\.js$ 160 bytes {application} [built]
[./app/javascript/channels/index.js] 211 bytes {application} [built]
[./app/javascript/packs/application.js] 513 bytes {application} [built]
[./node_modules/webpack/buildin/global.js] (webpack)/buildin/global.js 474 bytes {application} [built]
    + 6 hidden modules

  Rendered layout layouts/application.html.erb (Duration: 5091.8ms | Allocations: 46298)
Completed 200 OK in 5129ms (Views: 5098.1ms | ActiveRecord: 1.1ms | Allocations: 49724)


Started GET "/" for ::1 at 2023-01-08 14:40:36 +0700
Processing by WelcomeController#index as HTML
  [1m[36mUser Load (0.9ms)[0m  [1m[34mSELECT "users".* FROM "users" WHERE "users"."id" = ? ORDER BY "users"."id" ASC LIMIT ?[0m  [["id", 1], ["LIMIT", 1]]
  Rendering layout layouts/application.html.erb
  Rendering welcome/index.html.erb within layouts/application
  Rendered welcome/index.html.erb within layouts/application (Duration: 1.4ms | Allocations: 103)
[Webpacker] Everything's up-to-date. Nothing to do
  Rendered layout layouts/application.html.erb (Duration: 705.6ms | Allocations: 35634)
Completed 200 OK in 733ms (Views: 707.7ms | ActiveRecord: 0.9ms | Allocations: 37171)


Started GET "/" for ::1 at 2023-01-08 14:42:43 +0700
  [1m[35m (0.6ms)[0m  [1m[34mSELECT sqlite_version(*)[0m
  [1m[35m (0.4ms)[0m  [1m[34mSELECT "schema_migrations"."version" FROM "schema_migrations" ORDER BY "schema_migrations"."version" ASC[0m
Processing by WelcomeController#index as HTML
  [1m[36mUser Load (0.4ms)[0m  [1m[34mSELECT "users".* FROM "users" WHERE "users"."id" = ? ORDER BY "users"."id" ASC LIMIT ?[0m  [["id", 1], ["LIMIT", 1]]
  Rendering layout layouts/application.html.erb
  Rendering welcome/index.html.erb within layouts/application
  Rendered welcome/index.html.erb within layouts/application (Duration: 1.7ms | Allocations: 408)
[Webpacker] Everything's up-to-date. Nothing to do
  Rendered layout layouts/application.html.erb (Duration: 904.6ms | Allocations: 44600)
Completed 200 OK in 985ms (Views: 909.5ms | ActiveRecord: 1.1ms | Allocations: 54978)


Started GET "/" for ::1 at 2023-01-08 14:42:44 +0700
Processing by WelcomeController#index as HTML
  [1m[36mUser Load (0.1ms)[0m  [1m[34mSELECT "users".* FROM "users" WHERE "users"."id" = ? ORDER BY "users"."id" ASC LIMIT ?[0m  [["id", 1], ["LIMIT", 1]]
  Rendering layout layouts/application.html.erb
  Rendering welcome/index.html.erb within layouts/application
  Rendered welcome/index.html.erb within layouts/application (Duration: 0.2ms | Allocations: 67)
[Webpacker] Everything's up-to-date. Nothing to do
  Rendered layout layouts/application.html.erb (Duration: 8.4ms | Allocations: 4937)
Completed 200 OK in 12ms (Views: 8.9ms | ActiveRecord: 0.1ms | Allocations: 6498)


Started DELETE "/users/sign_out" for ::1 at 2023-01-08 14:42:53 +0700
Processing by Devise::SessionsController#destroy as HTML
  Parameters: {"authenticity_token"=>"[FILTERED]"}
  [1m[36mUser Load (0.2ms)[0m  [1m[34mSELECT "users".* FROM "users" WHERE "users"."id" = ? ORDER BY "users"."id" ASC LIMIT ?[0m  [["id", 1], ["LIMIT", 1]]
Redirected to http://localhost:3000/
Completed 302 Found in 15ms (ActiveRecord: 0.2ms | Allocations: 5783)


Started GET "/" for ::1 at 2023-01-08 14:42:53 +0700
Processing by WelcomeController#index as HTML
Completed 401 Unauthorized in 3ms (ActiveRecord: 0.0ms | Allocations: 308)


Started GET "/users/sign_in" for ::1 at 2023-01-08 14:42:53 +0700
Processing by Devise::SessionsController#new as HTML
  Rendering layout layouts/application.html.erb
  Rendering devise/sessions/new.html.erb within layouts/application
  Rendered devise/shared/_links.html.erb (Duration: 1.3ms | Allocations: 702)
  Rendered devise/sessions/new.html.erb within layouts/application (Duration: 8.1ms | Allocations: 3447)
[Webpacker] Everything's up-to-date. Nothing to do
  Rendered layout layouts/application.html.erb (Duration: 14.4ms | Allocations: 8413)
Completed 200 OK in 19ms (Views: 17.2ms | ActiveRecord: 0.0ms | Allocations: 10501)


Started GET "/users/sign_in" for ::1 at 2023-01-08 14:44:28 +0700
Processing by Devise::SessionsController#new as HTML
  Rendering layout layouts/application.html.erb
  Rendering devise/sessions/new.html.erb within layouts/application
  Rendered devise/shared/_links.html.erb (Duration: 1.1ms | Allocations: 595)
  Rendered devise/sessions/new.html.erb within layouts/application (Duration: 4.5ms | Allocations: 2290)
[Webpacker] Everything's up-to-date. Nothing to do
  Rendered layout layouts/application.html.erb (Duration: 12.1ms | Allocations: 7490)
Completed 200 OK in 18ms (Views: 17.3ms | ActiveRecord: 0.0ms | Allocations: 9537)


Started GET "/users/sign_in" for ::1 at 2023-01-08 14:45:10 +0700
Processing by Devise::SessionsController#new as HTML
  Rendering layout layouts/application.html.erb
  Rendering devise/sessions/new.html.erb within layouts/application
  Rendered devise/shared/_links.html.erb (Duration: 1.2ms | Allocations: 595)
  Rendered devise/sessions/new.html.erb within layouts/application (Duration: 4.5ms | Allocations: 2290)
[Webpacker] Everything's up-to-date. Nothing to do
  Rendered layout layouts/application.html.erb (Duration: 17.4ms | Allocations: 7490)
Completed 200 OK in 23ms (Views: 21.6ms | ActiveRecord: 0.0ms | Allocations: 9551)


Started GET "/users/sign_in" for ::1 at 2023-01-08 14:46:52 +0700
  [1m[35m (0.8ms)[0m  [1m[34mSELECT sqlite_version(*)[0m
  [1m[35m (0.5ms)[0m  [1m[34mSELECT "schema_migrations"."version" FROM "schema_migrations" ORDER BY "schema_migrations"."version" ASC[0m
Processing by Devise::SessionsController#new as HTML
  Rendering layout layouts/application.html.erb
  Rendering devise/sessions/new.html.erb within layouts/application
  Rendered devise/shared/_links.html.erb (Duration: 4.6ms | Allocations: 708)
  Rendered devise/sessions/new.html.erb within layouts/application (Duration: 358.0ms | Allocations: 6069)
[Webpacker] Everything's up-to-date. Nothing to do
  Rendered layout layouts/application.html.erb (Duration: 459.1ms | Allocations: 15077)
Completed 200 OK in 878ms (Views: 472.6ms | ActiveRecord: 2.1ms | Allocations: 23878)


Started GET "/users/sign_in" for ::1 at 2023-01-08 14:47:28 +0700
Processing by Devise::SessionsController#new as HTML
  Rendering layout layouts/application.html.erb
  Rendering devise/sessions/new.html.erb within layouts/application
  Rendered devise/shared/_links.html.erb (Duration: 1.3ms | Allocations: 595)
  Rendered devise/sessions/new.html.erb within layouts/application (Duration: 4.4ms | Allocations: 2298)
[Webpacker] Everything's up-to-date. Nothing to do
  Rendered layout layouts/application.html.erb (Duration: 17.5ms | Allocations: 7497)
Completed 200 OK in 22ms (Views: 21.1ms | ActiveRecord: 0.0ms | Allocations: 9560)


Started GET "/users/sign_in" for ::1 at 2023-01-08 14:47:30 +0700
Processing by Devise::SessionsController#new as HTML
  Rendering layout layouts/application.html.erb
  Rendering devise/sessions/new.html.erb within layouts/application
  Rendered devise/shared/_links.html.erb (Duration: 0.3ms | Allocations: 169)
  Rendered devise/sessions/new.html.erb within layouts/application (Duration: 2.0ms | Allocations: 1325)
[Webpacker] Everything's up-to-date. Nothing to do
  Rendered layout layouts/application.html.erb (Duration: 11.2ms | Allocations: 6224)
Completed 200 OK in 13ms (Views: 11.8ms | ActiveRecord: 0.0ms | Allocations: 6916)


Started GET "/" for ::1 at 2023-01-08 14:48:20 +0700
Processing by WelcomeController#index as HTML
Completed 401 Unauthorized in 1ms (ActiveRecord: 0.0ms | Allocations: 335)


Started GET "/users/sign_in" for ::1 at 2023-01-08 14:48:20 +0700
Processing by Devise::SessionsController#new as HTML
  Rendering layout layouts/application.html.erb
  Rendering devise/sessions/new.html.erb within layouts/application
  Rendered devise/shared/_links.html.erb (Duration: 1.5ms | Allocations: 595)
  Rendered devise/sessions/new.html.erb within layouts/application (Duration: 4.5ms | Allocations: 2303)
[Webpacker] Everything's up-to-date. Nothing to do
  Rendered layout layouts/application.html.erb (Duration: 17.5ms | Allocations: 7517)
Completed 200 OK in 23ms (Views: 22.4ms | ActiveRecord: 0.0ms | Allocations: 9584)


Started POST "/users/sign_in" for ::1 at 2023-01-08 14:49:06 +0700
Processing by Devise::SessionsController#create as HTML
  Parameters: {"authenticity_token"=>"[FILTERED]", "user"=>{"email"=>"", "password"=>"[FILTERED]", "remember_me"=>"0"}, "commit"=>"Log in"}
Completed 401 Unauthorized in 2ms (ActiveRecord: 0.0ms | Allocations: 419)


Processing by Devise::SessionsController#new as HTML
  Parameters: {"authenticity_token"=>"[FILTERED]", "user"=>{"email"=>"", "password"=>"[FILTERED]", "remember_me"=>"0"}, "commit"=>"Log in"}
  Rendering layout layouts/application.html.erb
  Rendering devise/sessions/new.html.erb within layouts/application
  Rendered devise/shared/_links.html.erb (Duration: 0.4ms | Allocations: 169)
  Rendered devise/sessions/new.html.erb within layouts/application (Duration: 3.6ms | Allocations: 1324)
[Webpacker] Everything's up-to-date. Nothing to do
  Rendered layout layouts/application.html.erb (Duration: 21.2ms | Allocations: 6231)
Completed 200 OK in 24ms (Views: 22.6ms | ActiveRecord: 0.0ms | Allocations: 6854)


Started GET "/users/sign_in" for ::1 at 2023-01-08 14:49:12 +0700
Processing by Devise::SessionsController#new as HTML
  Rendering layout layouts/application.html.erb
  Rendering devise/sessions/new.html.erb within layouts/application
  Rendered devise/shared/_links.html.erb (Duration: 0.3ms | Allocations: 169)
  Rendered devise/sessions/new.html.erb within layouts/application (Duration: 2.2ms | Allocations: 1325)
[Webpacker] Everything's up-to-date. Nothing to do
  Rendered layout layouts/application.html.erb (Duration: 14.6ms | Allocations: 6224)
Completed 200 OK in 16ms (Views: 15.1ms | ActiveRecord: 0.0ms | Allocations: 6915)


Started GET "/users/sign_up" for ::1 at 2023-01-08 14:49:13 +0700
Processing by Devise::RegistrationsController#new as HTML
  Rendering layout layouts/application.html.erb
  Rendering devise/registrations/new.html.erb within layouts/application
  Rendered devise/shared/_links.html.erb (Duration: 0.4ms | Allocations: 154)
  Rendered devise/registrations/new.html.erb within layouts/application (Duration: 5.0ms | Allocations: 1824)
[Webpacker] Everything's up-to-date. Nothing to do
  Rendered layout layouts/application.html.erb (Duration: 15.6ms | Allocations: 6743)
Completed 200 OK in 21ms (Views: 19.6ms | ActiveRecord: 0.0ms | Allocations: 8179)


Started POST "/users" for ::1 at 2023-01-08 14:49:14 +0700
Processing by Devise::RegistrationsController#create as HTML
  Parameters: {"authenticity_token"=>"[FILTERED]", "user"=>{"email"=>"", "password"=>"[FILTERED]", "password_confirmation"=>"[FILTERED]"}, "commit"=>"Sign up"}
  Rendering layout layouts/application.html.erb
  Rendering devise/registrations/new.html.erb within layouts/application
  Rendered devise/shared/_links.html.erb (Duration: 0.3ms | Allocations: 100)
  Rendered devise/registrations/new.html.erb within layouts/application (Duration: 7.4ms | Allocations: 3228)
[Webpacker] Everything's up-to-date. Nothing to do
  Rendered layout layouts/application.html.erb (Duration: 14.8ms | Allocations: 8083)
Completed 200 OK in 26ms (Views: 15.3ms | ActiveRecord: 0.0ms | Allocations: 11884)


Started GET "/users" for ::1 at 2023-01-08 14:49:57 +0700
  
ActionController::RoutingError (No route matches [GET] "/users"):
  
Started GET "/users/sign_up" for ::1 at 2023-01-08 14:50:04 +0700
Processing by Devise::RegistrationsController#new as HTML
  Rendering layout layouts/application.html.erb
  Rendering devise/registrations/new.html.erb within layouts/application
  Rendered devise/shared/_links.html.erb (Duration: 1.2ms | Allocations: 527)
  Rendered devise/registrations/new.html.erb within layouts/application (Duration: 4.6ms | Allocations: 2245)
[Webpacker] Everything's up-to-date. Nothing to do
  Rendered layouts/_navigation.html.erb (Duration: 0.3ms | Allocations: 109)
  Rendered layout layouts/application.html.erb (Duration: 13.2ms | Allocations: 7770)
Completed 200 OK in 17ms (Views: 16.4ms | ActiveRecord: 0.0ms | Allocations: 9753)


Started GET "/users/sign_up" for ::1 at 2023-01-08 14:50:05 +0700
Processing by Devise::RegistrationsController#new as HTML
  Rendering layout layouts/application.html.erb
  Rendering devise/registrations/new.html.erb within layouts/application
  Rendered devise/shared/_links.html.erb (Duration: 0.2ms | Allocations: 100)
  Rendered devise/registrations/new.html.erb within layouts/application (Duration: 1.9ms | Allocations: 1273)
[Webpacker] Everything's up-to-date. Nothing to do
  Rendered layouts/_navigation.html.erb (Duration: 0.0ms | Allocations: 5)
  Rendered layout layouts/application.html.erb (Duration: 10.1ms | Allocations: 6269)
Completed 200 OK in 11ms (Views: 10.6ms | ActiveRecord: 0.0ms | Allocations: 6881)


Started GET "/users/sign_up" for ::1 at 2023-01-08 14:50:06 +0700
Processing by Devise::RegistrationsController#new as HTML
  Rendering layout layouts/application.html.erb
  Rendering devise/registrations/new.html.erb within layouts/application
  Rendered devise/shared/_links.html.erb (Duration: 0.4ms | Allocations: 100)
  Rendered devise/registrations/new.html.erb within layouts/application (Duration: 2.1ms | Allocations: 1273)
[Webpacker] Everything's up-to-date. Nothing to do
  Rendered layouts/_navigation.html.erb (Duration: 0.0ms | Allocations: 5)
  Rendered layout layouts/application.html.erb (Duration: 9.6ms | Allocations: 6269)
Completed 200 OK in 11ms (Views: 10.1ms | ActiveRecord: 0.0ms | Allocations: 6888)


Started GET "/users/sign_in" for ::1 at 2023-01-08 14:50:10 +0700
Processing by Devise::SessionsController#new as HTML
  Rendering layout layouts/application.html.erb
  Rendering devise/sessions/new.html.erb within layouts/application
  Rendered devise/shared/_links.html.erb (Duration: 0.3ms | Allocations: 177)
  Rendered devise/sessions/new.html.erb within layouts/application (Duration: 3.5ms | Allocations: 1755)
[Webpacker] Everything's up-to-date. Nothing to do
  Rendered layouts/_navigation.html.erb (Duration: 0.1ms | Allocations: 5)
  Rendered layout layouts/application.html.erb (Duration: 14.8ms | Allocations: 6825)
Completed 200 OK in 18ms (Views: 17.4ms | ActiveRecord: 0.0ms | Allocations: 8214)


Started POST "/users/sign_in" for ::1 at 2023-01-08 14:50:12 +0700
Processing by Devise::SessionsController#create as HTML
  Parameters: {"authenticity_token"=>"[FILTERED]", "user"=>{"email"=>"", "password"=>"[FILTERED]", "remember_me"=>"0"}, "commit"=>"Log in"}
Completed 401 Unauthorized in 1ms (ActiveRecord: 0.0ms | Allocations: 402)


Processing by Devise::SessionsController#new as HTML
  Parameters: {"authenticity_token"=>"[FILTERED]", "user"=>{"email"=>"", "password"=>"[FILTERED]", "remember_me"=>"0"}, "commit"=>"Log in"}
  Rendering layout layouts/application.html.erb
  Rendering devise/sessions/new.html.erb within layouts/application
  Rendered devise/shared/_links.html.erb (Duration: 0.3ms | Allocations: 169)
  Rendered devise/sessions/new.html.erb within layouts/application (Duration: 2.2ms | Allocations: 1314)
[Webpacker] Everything's up-to-date. Nothing to do
  Rendered layouts/_navigation.html.erb (Duration: 0.0ms | Allocations: 5)
  Rendered layout layouts/application.html.erb (Duration: 11.0ms | Allocations: 6320)
Completed 200 OK in 12ms (Views: 11.6ms | ActiveRecord: 0.0ms | Allocations: 6931)


  [1m[35m (1.0ms)[0m  [1m[34mSELECT sqlite_version(*)[0m
  [1m[35m (0.5ms)[0m  [1m[34mSELECT "schema_migrations"."version" FROM "schema_migrations" ORDER BY "schema_migrations"."version" ASC[0m
Migrating to CreateStocks (20230108075654)
  [1m[36mTRANSACTION (0.1ms)[0m  [1m[36mbegin transaction[0m
  [1m[35m (0.5ms)[0m  [1m[35mCREATE TABLE "stocks" ("id" integer PRIMARY KEY AUTOINCREMENT NOT NULL, "ticker" varchar, "name" varchar, "last_price" decimal, "created_at" datetime(6) NOT NULL, "updated_at" datetime(6) NOT NULL)[0m
  [1m[36mActiveRecord::SchemaMigration Create (0.4ms)[0m  [1m[32mINSERT INTO "schema_migrations" ("version") VALUES (?)[0m  [["version", "20230108075654"]]
  [1m[36mTRANSACTION (0.8ms)[0m  [1m[36mcommit transaction[0m
  [1m[36mActiveRecord::InternalMetadata Load (0.7ms)[0m  [1m[34mSELECT "ar_internal_metadata".* FROM "ar_internal_metadata" WHERE "ar_internal_metadata"."key" = ? LIMIT ?[0m  [["key", "environment"], ["LIMIT", 1]]
  [1m[35m (0.1ms)[0m  [1m[34mSELECT sqlite_version(*)[0m
  [1m[35m (0.1ms)[0m  [1m[34mSELECT "schema_migrations"."version" FROM "schema_migrations" ORDER BY "schema_migrations"."version" ASC[0m
  [1m[35m (0.6ms)[0m  [1m[34mSELECT sqlite_version(*)[0m
  [1m[36mTRANSACTION (0.1ms)[0m  [1m[36mbegin transaction[0m
  [1m[36mStock Create (1.0ms)[0m  [1m[32mINSERT INTO "stocks" ("ticker", "name", "last_price", "created_at", "updated_at") VALUES (?, ?, ?, ?, ?)[0m  [["ticker", "GOOG"], ["name", "Alphabet"], ["last_price", 1300.0], ["created_at", "2023-01-08 07:58:32.722967"], ["updated_at", "2023-01-08 07:58:32.722967"]]
  [1m[36mTRANSACTION (1.0ms)[0m  [1m[36mcommit transaction[0m
  [1m[36mStock Load (0.2ms)[0m  [1m[34mSELECT "stocks".* FROM "stocks" /* loading for inspect */ LIMIT ?[0m  [["LIMIT", 11]]
  [1m[35m (1.3ms)[0m  [1m[34mSELECT sqlite_version(*)[0m
  [1m[35m (0.5ms)[0m  [1m[34mSELECT "schema_migrations"."version" FROM "schema_migrations" ORDER BY "schema_migrations"."version" ASC[0m
Migrating to CreateUserStocks (20230115015409)
  [1m[36mTRANSACTION (0.1ms)[0m  [1m[36mbegin transaction[0m
  [1m[35m (1.1ms)[0m  [1m[35mCREATE TABLE "user_stocks" ("id" integer PRIMARY KEY AUTOINCREMENT NOT NULL, "user_id" integer NOT NULL, "stock_id" integer NOT NULL, "created_at" datetime(6) NOT NULL, "updated_at" datetime(6) NOT NULL, CONSTRAINT "fk_rails_15a036aef2"
FOREIGN KEY ("user_id")
  REFERENCES "users" ("id")
, CONSTRAINT "fk_rails_62699afff5"
FOREIGN KEY ("stock_id")
  REFERENCES "stocks" ("id")
)[0m
  [1m[35m (0.2ms)[0m  [1m[35mCREATE INDEX "index_user_stocks_on_user_id" ON "user_stocks" ("user_id")[0m
  [1m[35m (0.1ms)[0m  [1m[35mCREATE INDEX "index_user_stocks_on_stock_id" ON "user_stocks" ("stock_id")[0m
  [1m[36mActiveRecord::SchemaMigration Create (0.5ms)[0m  [1m[32mINSERT INTO "schema_migrations" ("version") VALUES (?)[0m  [["version", "20230115015409"]]
  [1m[36mTRANSACTION (0.9ms)[0m  [1m[36mcommit transaction[0m
  [1m[36mActiveRecord::InternalMetadata Load (0.7ms)[0m  [1m[34mSELECT "ar_internal_metadata".* FROM "ar_internal_metadata" WHERE "ar_internal_metadata"."key" = ? LIMIT ?[0m  [["key", "environment"], ["LIMIT", 1]]
  [1m[35m (0.1ms)[0m  [1m[34mSELECT sqlite_version(*)[0m
  [1m[35m (0.1ms)[0m  [1m[34mSELECT "schema_migrations"."version" FROM "schema_migrations" ORDER BY "schema_migrations"."version" ASC[0m
  [1m[35m (1.1ms)[0m  [1m[34mSELECT sqlite_version(*)[0m
  [1m[36mUserStock Load (0.4ms)[0m  [1m[34mSELECT "user_stocks".* FROM "user_stocks" /* loading for inspect */ LIMIT ?[0m  [["LIMIT", 11]]
  [1m[35m (1.6ms)[0m  [1m[34mSELECT sqlite_version(*)[0m
  [1m[35m (0.5ms)[0m  [1m[34mSELECT "schema_migrations"."version" FROM "schema_migrations" ORDER BY "schema_migrations"."version" ASC[0m
Migrating to AddFirstLastNameToUsers (20230115034041)
  [1m[36mTRANSACTION (0.1ms)[0m  [1m[36mbegin transaction[0m
  [1m[35m (2.0ms)[0m  [1m[35mALTER TABLE "users" ADD "first_name" varchar[0m
  [1m[35m (0.3ms)[0m  [1m[35mALTER TABLE "users" ADD "last_name" varchar[0m
  [1m[36mActiveRecord::SchemaMigration Create (0.6ms)[0m  [1m[32mINSERT INTO "schema_migrations" ("version") VALUES (?)[0m  [["version", "20230115034041"]]
  [1m[36mTRANSACTION (0.8ms)[0m  [1m[36mcommit transaction[0m
  [1m[36mActiveRecord::InternalMetadata Load (0.7ms)[0m  [1m[34mSELECT "ar_internal_metadata".* FROM "ar_internal_metadata" WHERE "ar_internal_metadata"."key" = ? LIMIT ?[0m  [["key", "environment"], ["LIMIT", 1]]
  [1m[35m (0.1ms)[0m  [1m[34mSELECT sqlite_version(*)[0m
  [1m[35m (0.1ms)[0m  [1m[34mSELECT "schema_migrations"."version" FROM "schema_migrations" ORDER BY "schema_migrations"."version" ASC[0m
